Determining if the pthread_create exist failed with the following output:
Change Dir: /home/lin/Documents/faceAlignment/dlibFA-multithread/release/CMakeFiles/CMakeTmp

Run Build Command:"/usr/bin/make" "cmTC_e5c81/fast"
/usr/bin/make -f CMakeFiles/cmTC_e5c81.dir/build.make CMakeFiles/cmTC_e5c81.dir/build
make[1]: Entering directory '/home/lin/Documents/faceAlignment/dlibFA-multithread/release/CMakeFiles/CMakeTmp'
Building C object CMakeFiles/cmTC_e5c81.dir/CheckSymbolExists.c.o
/usr/bin/cc     -o CMakeFiles/cmTC_e5c81.dir/CheckSymbolExists.c.o   -c /home/lin/Documents/faceAlignment/dlibFA-multithread/release/CMakeFiles/CMakeTmp/CheckSymbolExists.c
Linking C executable cmTC_e5c81
/usr/bin/cmake -E cmake_link_script CMakeFiles/cmTC_e5c81.dir/link.txt --verbose=1
/usr/bin/cc       CMakeFiles/cmTC_e5c81.dir/CheckSymbolExists.c.o  -o cmTC_e5c81 -rdynamic 
CMakeFiles/cmTC_e5c81.dir/CheckSymbolExists.c.o: In function `main':
CheckSymbolExists.c:(.text+0x1b): undefined reference to `pthread_create'
collect2: error: ld returned 1 exit status
CMakeFiles/cmTC_e5c81.dir/build.make:97: recipe for target 'cmTC_e5c81' failed
make[1]: *** [cmTC_e5c81] Error 1
make[1]: Leaving directory '/home/lin/Documents/faceAlignment/dlibFA-multithread/release/CMakeFiles/CMakeTmp'
Makefile:126: recipe for target 'cmTC_e5c81/fast' failed
make: *** [cmTC_e5c81/fast] Error 2

File /home/lin/Documents/faceAlignment/dlibFA-multithread/release/CMakeFiles/CMakeTmp/CheckSymbolExists.c:
/* */
#include <pthread.h>

int main(int argc, char** argv)
{
  (void)argv;
#ifndef pthread_create
  return ((int*)(&pthread_create))[argc];
#else
  (void)argc;
  return 0;
#endif
}

Determining if the function pthread_create exists in the pthreads failed with the following output:
Change Dir: /home/lin/Documents/faceAlignment/dlibFA-multithread/release/CMakeFiles/CMakeTmp

Run Build Command:"/usr/bin/make" "cmTC_13342/fast"
/usr/bin/make -f CMakeFiles/cmTC_13342.dir/build.make CMakeFiles/cmTC_13342.dir/build
make[1]: Entering directory '/home/lin/Documents/faceAlignment/dlibFA-multithread/release/CMakeFiles/CMakeTmp'
Building C object CMakeFiles/cmTC_13342.dir/CheckFunctionExists.c.o
/usr/bin/cc    -DCHECK_FUNCTION_EXISTS=pthread_create   -o CMakeFiles/cmTC_13342.dir/CheckFunctionExists.c.o   -c /usr/share/cmake-3.5/Modules/CheckFunctionExists.c
Linking C executable cmTC_13342
/usr/bin/cmake -E cmake_link_script CMakeFiles/cmTC_13342.dir/link.txt --verbose=1
/usr/bin/cc   -DCHECK_FUNCTION_EXISTS=pthread_create    CMakeFiles/cmTC_13342.dir/CheckFunctionExists.c.o  -o cmTC_13342 -rdynamic -lpthreads 
/usr/bin/ld: cannot find -lpthreads
collect2: error: ld returned 1 exit status
CMakeFiles/cmTC_13342.dir/build.make:97: recipe for target 'cmTC_13342' failed
make[1]: *** [cmTC_13342] Error 1
make[1]: Leaving directory '/home/lin/Documents/faceAlignment/dlibFA-multithread/release/CMakeFiles/CMakeTmp'
Makefile:126: recipe for target 'cmTC_13342/fast' failed
make: *** [cmTC_13342/fast] Error 2


